c:\users\alisd\desktop\ini\temp\win32\debug\operateoffice\operateoffice.pch
c:\users\alisd\desktop\ini\temp\win32\debug\operateoffice\vc142.pdb
c:\users\alisd\desktop\ini\temp\win32\debug\operateoffice\vc142.idb
c:\users\alisd\desktop\ini\temp\win32\debug\operateoffice\pch.obj
c:\users\alisd\desktop\ini\temp\win32\debug\operateoffice\operateofficedlg.obj
c:\users\alisd\desktop\ini\temp\win32\debug\operateoffice\operateoffice.obj
c:\users\alisd\desktop\ini\bin\win32\debug\operateoffice.ilk
c:\users\alisd\desktop\ini\bin\win32\debug\operateoffice.exe
c:\users\alisd\desktop\ini\bin\win32\debug\operateoffice.pdb
c:\users\alisd\desktop\ini\temp\win32\debug\operateoffice\operateoffice.res
c:\users\alisd\desktop\ini\operateini\../bin/win32/debug\operateoffice.pdb
c:\users\alisd\desktop\ini\operateini\../bin/win32/debug\operateoffice.exe
c:\users\alisd\desktop\ini\operateini\../bin/win32/debug\operateoffice.ilk
c:\users\alisd\desktop\ini\temp\win32\debug\operateoffice\operateoffice.tlog\cl.command.1.tlog
c:\users\alisd\desktop\ini\temp\win32\debug\operateoffice\operateoffice.tlog\cl.read.1.tlog
c:\users\alisd\desktop\ini\temp\win32\debug\operateoffice\operateoffice.tlog\cl.write.1.tlog
c:\users\alisd\desktop\ini\temp\win32\debug\operateoffice\operateoffice.tlog\link.command.1.tlog
c:\users\alisd\desktop\ini\temp\win32\debug\operateoffice\operateoffice.tlog\link.read.1.tlog
c:\users\alisd\desktop\ini\temp\win32\debug\operateoffice\operateoffice.tlog\link.write.1.tlog
c:\users\alisd\desktop\ini\temp\win32\debug\operateoffice\operateoffice.tlog\rc.command.1.tlog
c:\users\alisd\desktop\ini\temp\win32\debug\operateoffice\operateoffice.tlog\rc.read.1.tlog
c:\users\alisd\desktop\ini\temp\win32\debug\operateoffice\operateoffice.tlog\rc.write.1.tlog
