c:\users\alisd\desktop\ini\temp\win32\debug\operateini\operateini.pch
c:\users\alisd\desktop\ini\temp\win32\debug\operateini\vc142.pdb
c:\users\alisd\desktop\ini\temp\win32\debug\operateini\vc142.idb
c:\users\alisd\desktop\ini\temp\win32\debug\operateini\pch.obj
c:\users\alisd\desktop\ini\temp\win32\debug\operateini\operateinidlg.obj
c:\users\alisd\desktop\ini\temp\win32\debug\operateini\operateini.obj
c:\users\alisd\desktop\ini\bin\win32\debug\operateini.ilk
c:\users\alisd\desktop\ini\bin\win32\debug\operateini.exe
c:\users\alisd\desktop\ini\bin\win32\debug\operateini.pdb
c:\users\alisd\desktop\ini\temp\win32\debug\operateini\operateini.res
c:\users\alisd\desktop\ini\operateini\../bin/win32/debug\operateini.pdb
c:\users\alisd\desktop\ini\operateini\../bin/win32/debug\operateini.exe
c:\users\alisd\desktop\ini\operateini\../bin/win32/debug\operateini.ilk
c:\users\alisd\desktop\ini\temp\win32\debug\operateini\operateini.tlog\cl.command.1.tlog
c:\users\alisd\desktop\ini\temp\win32\debug\operateini\operateini.tlog\cl.read.1.tlog
c:\users\alisd\desktop\ini\temp\win32\debug\operateini\operateini.tlog\cl.write.1.tlog
c:\users\alisd\desktop\ini\temp\win32\debug\operateini\operateini.tlog\link.command.1.tlog
c:\users\alisd\desktop\ini\temp\win32\debug\operateini\operateini.tlog\link.read.1.tlog
c:\users\alisd\desktop\ini\temp\win32\debug\operateini\operateini.tlog\link.write.1.tlog
c:\users\alisd\desktop\ini\temp\win32\debug\operateini\operateini.tlog\rc.command.1.tlog
c:\users\alisd\desktop\ini\temp\win32\debug\operateini\operateini.tlog\rc.read.1.tlog
c:\users\alisd\desktop\ini\temp\win32\debug\operateini\operateini.tlog\rc.write.1.tlog
