c:\users\alisd\desktop\ini\temp\win32\debug\operatetxt\operatetxt.pch
c:\users\alisd\desktop\ini\temp\win32\debug\operatetxt\vc142.pdb
c:\users\alisd\desktop\ini\temp\win32\debug\operatetxt\vc142.idb
c:\users\alisd\desktop\ini\temp\win32\debug\operatetxt\pch.obj
c:\users\alisd\desktop\ini\temp\win32\debug\operatetxt\operatetxtdlg.obj
c:\users\alisd\desktop\ini\temp\win32\debug\operatetxt\operatetxt.obj
c:\users\alisd\desktop\ini\bin\win32\debug\operatetxt.ilk
c:\users\alisd\desktop\ini\bin\win32\debug\operatetxt.exe
c:\users\alisd\desktop\ini\bin\win32\debug\operatetxt.pdb
c:\users\alisd\desktop\ini\temp\win32\debug\operatetxt\operatetxt.res
c:\users\alisd\desktop\ini\operateini\../bin/win32/debug\operatetxt.pdb
c:\users\alisd\desktop\ini\operateini\../bin/win32/debug\operatetxt.exe
c:\users\alisd\desktop\ini\operateini\../bin/win32/debug\operatetxt.ilk
c:\users\alisd\desktop\ini\temp\win32\debug\operatetxt\operatetxt.tlog\cl.command.1.tlog
c:\users\alisd\desktop\ini\temp\win32\debug\operatetxt\operatetxt.tlog\cl.read.1.tlog
c:\users\alisd\desktop\ini\temp\win32\debug\operatetxt\operatetxt.tlog\cl.write.1.tlog
c:\users\alisd\desktop\ini\temp\win32\debug\operatetxt\operatetxt.tlog\link.command.1.tlog
c:\users\alisd\desktop\ini\temp\win32\debug\operatetxt\operatetxt.tlog\link.read.1.tlog
c:\users\alisd\desktop\ini\temp\win32\debug\operatetxt\operatetxt.tlog\link.write.1.tlog
c:\users\alisd\desktop\ini\temp\win32\debug\operatetxt\operatetxt.tlog\rc.command.1.tlog
c:\users\alisd\desktop\ini\temp\win32\debug\operatetxt\operatetxt.tlog\rc.read.1.tlog
c:\users\alisd\desktop\ini\temp\win32\debug\operatetxt\operatetxt.tlog\rc.write.1.tlog
